2025-04-10 14:14:35.248 [info] [main] Log level: Info
2025-04-10 14:14:35.248 [info] [main] Validating found git in: "git"
2025-04-10 14:14:35.248 [info] [main] Using git "2.43.0" from "git"
2025-04-10 14:14:35.248 [info] [Model][doInitialScan] Initial repository scan started
2025-04-10 14:14:35.248 [info] > git rev-parse --show-toplevel [4ms]
2025-04-10 14:14:35.248 [info] fatal: not a git repository (or any of the parent directories): .git
2025-04-10 14:14:35.248 [info] [Model][doInitialScan] Initial repository scan completed - repositories (0), closed repositories (0), parent repositories (0), unsafe repositories (0)
2025-04-10 14:14:37.152 [info] > git rev-parse --show-toplevel [1ms]
2025-04-10 14:14:37.153 [info] fatal: not a git repository (or any of the parent directories): .git
2025-04-10 14:14:39.340 [info] > git rev-parse --show-toplevel [1ms]
2025-04-10 14:14:39.340 [info] fatal: not a git repository (or any of the parent directories): .git
2025-04-10 14:14:45.305 [info] > git rev-parse --show-toplevel [10ms]
2025-04-10 14:14:45.305 [info] fatal: not a git repository (or any of the parent directories): .git
2025-04-10 14:14:46.493 [info] > git rev-parse --show-toplevel [1ms]
2025-04-10 14:14:46.493 [info] fatal: not a git repository (or any of the parent directories): .git
2025-04-10 14:14:49.598 [info] > git rev-parse --show-toplevel [0ms]
2025-04-10 14:14:49.598 [info] fatal: not a git repository (or any of the parent directories): .git
2025-04-10 14:14:58.392 [info] > git rev-parse --show-toplevel [2ms]
2025-04-10 14:14:58.392 [info] fatal: not a git repository (or any of the parent directories): .git
2025-04-10 14:15:00.942 [info] > git rev-parse --show-toplevel [1ms]
2025-04-10 14:15:00.943 [info] fatal: not a git repository (or any of the parent directories): .git
2025-04-10 14:15:55.186 [info] > git rev-parse --show-toplevel [1ms]
2025-04-10 14:15:55.186 [info] fatal: not a git repository (or any of the parent directories): .git
2025-04-10 14:15:56.749 [info] > git rev-parse --show-toplevel [1ms]
2025-04-10 14:15:56.749 [info] fatal: not a git repository (or any of the parent directories): .git
2025-04-10 14:15:58.924 [info] > git rev-parse --show-toplevel [1ms]
2025-04-10 14:15:58.924 [info] fatal: not a git repository (or any of the parent directories): .git
