2025-01-29 13:10:34.253 [info] Extension host with pid 428 started
2025-01-29 13:10:34.319 [info] ExtensionService#_doActivateExtension vscode.emmet, startup: false, activationEvent: 'onLanguage'
2025-01-29 13:10:34.358 [info] ExtensionService#_doActivateExtension vscode.git-base, startup: true, activationEvent: '*', root cause: vscode.git
2025-01-29 13:10:34.369 [info] ExtensionService#_doActivateExtension vscode.git, startup: true, activationEvent: '*'
2025-01-29 13:10:34.370 [info] ExtensionService#_doActivateExtension vscode.github, startup: true, activationEvent: '*'
2025-01-29 13:10:34.536 [info] Eager extensions activated
2025-01-29 13:10:34.536 [info] ExtensionService#_doActivateExtension vscode.debug-auto-launch, startup: false, activationEvent: 'onStartupFinished'
2025-01-29 13:10:34.537 [info] ExtensionService#_doActivateExtension vscode.merge-conflict, startup: false, activationEvent: 'onStartupFinished'
2025-01-29 13:11:07.414 [info] ExtensionService#_doActivateExtension vscode.npm, startup: false, activationEvent: 'onTerminalQuickFixRequest:ms-vscode.npm-command'
2025-01-29 13:13:35.262 [info] ExtensionService#_doActivateExtension ms-vscode.js-debug, startup: false, activationEvent: 'onDebugInitialConfigurations'
2025-01-29 13:13:35.262 [info] ExtensionService#_doActivateExtension ms-python.python, startup: false, activationEvent: 'onDebugInitialConfigurations', root cause: ms-python.debugpy
2025-01-29 13:13:35.576 [info] ExtensionService#_doActivateExtension ms-python.debugpy, startup: false, activationEvent: 'onDebugInitialConfigurations'
2025-01-29 13:13:35.848 [info] ExtensionService#_doActivateExtension ms-python.vscode-pylance, startup: false, activationEvent: 'api', root cause: ms-python.python
2025-01-29 13:13:39.479 [info] ExtensionService#_doActivateExtension vscode.debug-server-ready, startup: false, activationEvent: 'onDebugResolve'
2025-01-29 13:13:47.613 [info] ExtensionService#_doActivateExtension redhat.vscode-yaml, startup: false, activationEvent: 'onView:ansible-home', root cause: redhat.ansible
2025-01-29 13:13:47.704 [info] ExtensionService#_doActivateExtension redhat.ansible, startup: false, activationEvent: 'onView:ansible-home'
2025-01-29 13:13:47.975 [warning] [redhat.vscode-yaml] Accessing a resource scoped configuration without providing a resource is not expected. To get the effective value for '[yaml]', provide the URI of a resource or 'null' for any resource.
2025-01-29 13:13:47.976 [warning] [redhat.vscode-yaml] Accessing a resource scoped configuration without providing a resource is not expected. To get the effective value for '[yaml]', provide the URI of a resource or 'null' for any resource.
2025-01-29 13:14:25.225 [info] ExtensionService#_doActivateExtension vscode.configuration-editing, startup: false, activationEvent: 'onLanguage:jsonc'
2025-01-29 13:14:25.225 [info] ExtensionService#_doActivateExtension vscode.json-language-features, startup: false, activationEvent: 'onLanguage:jsonc'
2025-01-29 13:14:25.225 [info] ExtensionService#_doActivateExtension vscode.typescript-language-features, startup: false, activationEvent: 'onLanguage:jsonc'
2025-01-29 13:14:25.439 [warning] [redhat.vscode-yaml] Accessing a resource scoped configuration without providing a resource is not expected. To get the effective value for '[yaml]', provide the URI of a resource or 'null' for any resource.
2025-01-29 13:14:56.053 [info] Extension host terminating: received terminate message from renderer
2025-01-29 13:14:56.109 [error] Canceled: Canceled
	at Fc (file:///home/dewain/.vscode-server/bin/cd4ee3b1c348a13bafd8f9ad8060705f6d4b9cba/out/vs/workbench/api/node/extensionHostProcess.js:7:1122)
	at file:///home/dewain/.vscode-server/bin/cd4ee3b1c348a13bafd8f9ad8060705f6d4b9cba/out/vs/workbench/api/node/extensionHostProcess.js:32:154927
	at Array.forEach (<anonymous>)
	at Dy.dispose (file:///home/dewain/.vscode-server/bin/cd4ee3b1c348a13bafd8f9ad8060705f6d4b9cba/out/vs/workbench/api/node/extensionHostProcess.js:32:154867)
	at zz.terminate (file:///home/dewain/.vscode-server/bin/cd4ee3b1c348a13bafd8f9ad8060705f6d4b9cba/out/vs/workbench/api/node/extensionHostProcess.js:119:10082)
	at Q3.terminate (file:///home/dewain/.vscode-server/bin/cd4ee3b1c348a13bafd8f9ad8060705f6d4b9cba/out/vs/workbench/api/node/extensionHostProcess.js:120:1424)
	at Zi (file:///home/dewain/.vscode-server/bin/cd4ee3b1c348a13bafd8f9ad8060705f6d4b9cba/out/vs/workbench/api/node/extensionHostProcess.js:175:15080)
	at Sh.value (file:///home/dewain/.vscode-server/bin/cd4ee3b1c348a13bafd8f9ad8060705f6d4b9cba/out/vs/workbench/api/node/extensionHostProcess.js:175:13241)
	at P.B (file:///home/dewain/.vscode-server/bin/cd4ee3b1c348a13bafd8f9ad8060705f6d4b9cba/out/vs/workbench/api/node/extensionHostProcess.js:30:746)
	at P.fire (file:///home/dewain/.vscode-server/bin/cd4ee3b1c348a13bafd8f9ad8060705f6d4b9cba/out/vs/workbench/api/node/extensionHostProcess.js:30:964)
	at Vn.fire (file:///home/dewain/.vscode-server/bin/cd4ee3b1c348a13bafd8f9ad8060705f6d4b9cba/out/vs/workbench/api/node/extensionHostProcess.js:32:9457)
	at Wm.A (file:///home/dewain/.vscode-server/bin/cd4ee3b1c348a13bafd8f9ad8060705f6d4b9cba/out/vs/workbench/api/node/extensionHostProcess.js:32:12573)
	at Sh.value (file:///home/dewain/.vscode-server/bin/cd4ee3b1c348a13bafd8f9ad8060705f6d4b9cba/out/vs/workbench/api/node/extensionHostProcess.js:32:10993)
	at P.B (file:///home/dewain/.vscode-server/bin/cd4ee3b1c348a13bafd8f9ad8060705f6d4b9cba/out/vs/workbench/api/node/extensionHostProcess.js:30:746)
	at P.fire (file:///home/dewain/.vscode-server/bin/cd4ee3b1c348a13bafd8f9ad8060705f6d4b9cba/out/vs/workbench/api/node/extensionHostProcess.js:30:964)
	at s6.acceptChunk (file:///home/dewain/.vscode-server/bin/cd4ee3b1c348a13bafd8f9ad8060705f6d4b9cba/out/vs/workbench/api/node/extensionHostProcess.js:32:7940)
	at Sh.value (file:///home/dewain/.vscode-server/bin/cd4ee3b1c348a13bafd8f9ad8060705f6d4b9cba/out/vs/workbench/api/node/extensionHostProcess.js:32:7226)
	at P.B (file:///home/dewain/.vscode-server/bin/cd4ee3b1c348a13bafd8f9ad8060705f6d4b9cba/out/vs/workbench/api/node/extensionHostProcess.js:30:746)
	at P.fire (file:///home/dewain/.vscode-server/bin/cd4ee3b1c348a13bafd8f9ad8060705f6d4b9cba/out/vs/workbench/api/node/extensionHostProcess.js:30:964)
	at vA.z (file:///home/dewain/.vscode-server/bin/cd4ee3b1c348a13bafd8f9ad8060705f6d4b9cba/out/vs/workbench/api/node/extensionHostProcess.js:32:21944)
	at vA.acceptFrame (file:///home/dewain/.vscode-server/bin/cd4ee3b1c348a13bafd8f9ad8060705f6d4b9cba/out/vs/workbench/api/node/extensionHostProcess.js:32:21750)
	at mA.n (file:///home/dewain/.vscode-server/bin/cd4ee3b1c348a13bafd8f9ad8060705f6d4b9cba/out/vs/workbench/api/node/extensionHostProcess.js:32:20278)
	at file:///home/dewain/.vscode-server/bin/cd4ee3b1c348a13bafd8f9ad8060705f6d4b9cba/out/vs/workbench/api/node/extensionHostProcess.js:32:17510
	at Socket.t (file:///home/dewain/.vscode-server/bin/cd4ee3b1c348a13bafd8f9ad8060705f6d4b9cba/out/vs/workbench/api/node/extensionHostProcess.js:32:15451)
	at Socket.emit (node:events:518:28)
	at addChunk (node:internal/streams/readable:561:12)
	at readableAddChunkPushByteMode (node:internal/streams/readable:512:3)
	at Readable.push (node:internal/streams/readable:392:5)
	at TCP.onStreamRead (node:internal/stream_base_commons:191:23) ansible.python.set.interpreter {"value":"redhat.ansible","_lower":"redhat.ansible"}
2025-01-29 13:14:56.119 [info] Extension host with pid 428 exiting with code 0
