2025-03-18 12:16:19.768 [info] [main] Log level: Info
2025-03-18 12:16:19.768 [info] [main] Validating found git in: "git"
2025-03-18 12:16:19.768 [info] [main] Using git "2.43.0" from "git"
2025-03-18 12:16:19.768 [info] [Model][doInitialScan] Initial repository scan started
2025-03-18 12:16:19.768 [info] > git rev-parse --show-toplevel [3ms]
2025-03-18 12:16:19.768 [info] > git rev-parse --git-dir --git-common-dir [12ms]
2025-03-18 12:16:19.768 [info] [Model][openRepository] Opened repository: /home/dewain/Ansible-Playbooks
2025-03-18 12:16:19.768 [info] [Model][doInitialScan] Initial repository scan completed - repositories (1), closed repositories (0), parent repositories (0), unsafe repositories (0)
2025-03-18 12:16:19.776 [info] > git config --get commit.template [5ms]
2025-03-18 12:16:19.779 [info] > git for-each-ref --format=%(refname)%00%(upstream:short)%00%(objectname)%00%(upstream:track)%00%(upstream:remotename)%00%(upstream:remoteref) refs/heads/Ansible-Playbook-Branch refs/remotes/Ansible-Playbook-Branch [5ms]
2025-03-18 12:16:19.783 [warning] [Git][revParse] Unable to read file: ENOENT: no such file or directory, open '/home/dewain/Ansible-Playbooks/.git/refs/remotes/origin/Ansible-Playbook-Branch'
2025-03-18 12:16:19.808 [info] > git rev-parse refs/remotes/origin/Ansible-Playbook-Branch [25ms]
2025-03-18 12:16:19.827 [info] > git status -z -uall [15ms]
2025-03-18 12:16:19.828 [info] > git for-each-ref --sort -committerdate --format %(refname) %(objectname) %(*objectname) [13ms]
2025-03-18 12:16:19.854 [info] > git for-each-ref --format=%(refname)%00%(upstream:short)%00%(objectname)%00%(upstream:track)%00%(upstream:remotename)%00%(upstream:remoteref) refs/heads/Ansible-Playbook-Branch refs/remotes/Ansible-Playbook-Branch [4ms]
2025-03-18 12:16:19.858 [info] > git config --get --local branch.Ansible-Playbook-Branch.vscode-merge-base [1ms]
2025-03-18 12:16:19.858 [warning] [Git][config] git config failed: Failed to execute git
2025-03-18 12:16:19.860 [info] > git config --get commit.template [7ms]
2025-03-18 12:16:19.864 [info] > git reflog Ansible-Playbook-Branch --grep-reflog=branch: Created from *. [4ms]
2025-03-18 12:16:19.866 [info] > git for-each-ref --format=%(refname)%00%(upstream:short)%00%(objectname)%00%(upstream:track)%00%(upstream:remotename)%00%(upstream:remoteref) refs/heads/Ansible-Playbook-Branch refs/remotes/Ansible-Playbook-Branch [3ms]
2025-03-18 12:16:19.868 [warning] [Git][revParse] Unable to read file: ENOENT: no such file or directory, open '/home/dewain/Ansible-Playbooks/.git/refs/remotes/origin/Ansible-Playbook-Branch'
2025-03-18 12:16:19.868 [info] > git symbolic-ref --short refs/remotes/origin/HEAD [2ms]
2025-03-18 12:16:19.870 [info] > git rev-parse refs/remotes/origin/Ansible-Playbook-Branch [2ms]
2025-03-18 12:16:19.879 [info] > git status -z -uall [8ms]
2025-03-18 12:16:19.880 [info] > git for-each-ref --format=%(refname)%00%(upstream:short)%00%(objectname)%00%(upstream:track)%00%(upstream:remotename)%00%(upstream:remoteref) refs/heads/origin/Ansible-Playbook-Branch refs/remotes/origin/Ansible-Playbook-Branch [9ms]
2025-03-18 12:16:19.882 [info] > git for-each-ref --sort -committerdate --format %(refname) %(objectname) %(*objectname) [8ms]
2025-03-18 12:16:19.889 [info] > git for-each-ref --format=%(refname)%00%(upstream:short)%00%(objectname)%00%(upstream:track)%00%(upstream:remotename)%00%(upstream:remoteref) refs/heads/Ansible-Playbook-Branch refs/remotes/Ansible-Playbook-Branch [2ms]
2025-03-18 12:16:19.892 [info] > git config --add --local branch.Ansible-Playbook-Branch.vscode-merge-base origin/Ansible-Playbook-Branch [11ms]
2025-03-18 12:16:19.895 [info] > git config --get --local branch.Ansible-Playbook-Branch.vscode-merge-base [4ms]
2025-03-18 12:16:19.897 [info] > git config --get commit.template [3ms]
2025-03-18 12:16:19.898 [info] > git for-each-ref --format=%(refname)%00%(upstream:short)%00%(objectname)%00%(upstream:track)%00%(upstream:remotename)%00%(upstream:remoteref) refs/heads/origin/Ansible-Playbook-Branch refs/remotes/origin/Ansible-Playbook-Branch [1ms]
2025-03-18 12:16:20.015 [info] > git for-each-ref --format=%(refname)%00%(upstream:short)%00%(objectname)%00%(upstream:track)%00%(upstream:remotename)%00%(upstream:remoteref) refs/heads/Ansible-Playbook-Branch refs/remotes/Ansible-Playbook-Branch [113ms]
2025-03-18 12:16:20.015 [info] > git merge-base refs/heads/Ansible-Playbook-Branch refs/remotes/origin/Ansible-Playbook-Branch [115ms]
2025-03-18 12:16:20.020 [warning] [Git][revParse] Unable to read file: ENOENT: no such file or directory, open '/home/dewain/Ansible-Playbooks/.git/refs/remotes/origin/Ansible-Playbook-Branch'
2025-03-18 12:16:20.020 [info] > git diff --name-status -z --diff-filter=ADMR 1e113ae05fecfa49055a329671ab053d80bd2f38...refs/remotes/origin/Ansible-Playbook-Branch [2ms]
2025-03-18 12:16:20.021 [info] > git rev-parse refs/remotes/origin/Ansible-Playbook-Branch [2ms]
2025-03-18 12:16:20.024 [info] > git status -z -uall [2ms]
2025-03-18 12:16:20.025 [info] > git for-each-ref --sort -committerdate --format %(refname) %(objectname) %(*objectname) [1ms]
2025-03-18 12:16:20.314 [info] > git check-ignore -v -z --stdin [1ms]
2025-03-18 12:16:29.818 [info] > git show --textconv :Ansible Install and Setup [6ms]
2025-03-18 12:16:29.821 [info] > git ls-files --stage -- Ansible Install and Setup [3ms]
2025-03-18 12:16:29.831 [info] > git cat-file -s d6460b93b87ec21577ed73f6c69e05d17f29d390 [4ms]
2025-03-18 12:17:27.776 [info] > git ls-files --stage -- Ansible Inventory and Configuration Management [13ms]
2025-03-18 12:17:27.780 [info] > git show --textconv :Ansible Inventory and Configuration Management [25ms]
2025-03-18 12:17:27.781 [info] > git cat-file -s 1e1b52986514665c1e2dd2f5ef99b339a584e71b [2ms]
2025-03-18 12:17:50.794 [info] > git blame --root --incremental 1e113ae05fecfa49055a329671ab053d80bd2f38 -- Ansible Inventory and Configuration Management [3ms]
2025-03-18 12:19:29.502 [info] > git show --textconv :Ansible Install and Setup [5ms]
2025-03-18 12:19:29.503 [info] > git ls-files --stage -- Ansible Install and Setup [2ms]
2025-03-18 12:19:29.510 [info] > git cat-file -s d6460b93b87ec21577ed73f6c69e05d17f29d390 [3ms]
2025-03-18 12:19:30.401 [info] > git blame --root --incremental 1e113ae05fecfa49055a329671ab053d80bd2f38 -- Ansible Install and Setup [3ms]
