2025-01-29 13:13:35.671 [info] Experiment 'pythonRecommendTensorboardExt' is active
2025-01-29 13:13:35.671 [info] Experiment 'pythonTerminalEnvVarActivation' is active
2025-01-29 13:13:35.671 [info] Experiment 'pythonTestAdapter' is active
2025-01-29 13:13:35.671 [info] Starting Environment refresh
2025-01-29 13:13:35.671 [info] Searching for interpreters in posix paths locator
2025-01-29 13:13:35.671 [info] Searching for pyenv environments
2025-01-29 13:13:35.671 [info] Searching for conda environments
2025-01-29 13:13:35.671 [info] Searching for global virtual environments
2025-01-29 13:13:35.671 [info] Searching for custom virtual environments
2025-01-29 13:13:35.671 [info] pyenv is not installed
2025-01-29 13:13:35.671 [info] Finished searching for pyenv environments: 34 milliseconds
2025-01-29 13:13:35.671 [info] Finished searching for custom virtual envs: 34 milliseconds
2025-01-29 13:13:35.671 [info] > conda info --json
2025-01-29 13:13:35.671 [info] Finished searching for global virtual envs: 67 milliseconds
2025-01-29 13:13:35.672 [info] Found: /bin/python3 --> /bin/python3.12
2025-01-29 13:13:35.673 [info] Found: /bin/python3.12 --> /bin/python3.12
2025-01-29 13:13:35.678 [info] Found: /usr/bin/python3 --> /usr/bin/python3.12
2025-01-29 13:13:35.678 [info] Found: /usr/bin/python3.12 --> /usr/bin/python3.12
2025-01-29 13:13:35.803 [info] Finished searching for interpreters in posix paths locator: 229 milliseconds
2025-01-29 13:13:35.803 [info] > /bin/python3 -I ~/.vscode-server/extensions/ms-python.python-2024.22.2-linux-x64/python_files/get_output_via_markers.py ~/.vscode-server/extensions/ms-python.python-2024.22.2-linux-x64/python_files/interpreterInfo.py
2025-01-29 13:13:35.816 [info] > /usr/bin/python3 -I ~/.vscode-server/extensions/ms-python.python-2024.22.2-linux-x64/python_files/get_output_via_markers.py ~/.vscode-server/extensions/ms-python.python-2024.22.2-linux-x64/python_files/interpreterInfo.py
2025-01-29 13:13:35.816 [info] Environments refresh paths discovered (event): 245 milliseconds
2025-01-29 13:13:35.816 [info] Environments refresh paths discovered: 245 milliseconds
2025-01-29 13:13:35.838 [info] Environments refresh finished (event): 267 milliseconds
2025-01-29 13:13:35.842 [info] Environment refresh took 271 milliseconds
2025-01-29 13:13:36.166 [info] Python interpreter path: /bin/python3
2025-01-29 13:13:37.318 [info] Starting Pylance language server.
