2025-03-18 13:52:33.387 [info] read schema from vscode: vscode://schemas/settings/folder
2025-03-18 13:52:33.845 [info] read schema from vscode: vscode://schemas/settings/resourceLanguage
2025-03-18 13:52:33.885 [info] read schema from vscode: vscode://schemas/launch
2025-03-18 13:52:33.903 [info] read schema from vscode: vscode://schemas/token-styling
2025-03-18 13:52:33.905 [info] schema change detected vscode://schemas/settings/folder
2025-03-18 13:52:33.905 [info] read schema from vscode: vscode://schemas/textmate-colors
2025-03-18 13:52:33.909 [info] read schema from vscode: vscode://schemas/workbench-colors
2025-03-18 13:52:34.022 [info] schema change detected vscode://schemas/settings/folder
2025-03-18 13:52:34.067 [info] cancelled
2025-03-18 13:52:34.081 [info] read schema from vscode: vscode://schemas/settings/folder
2025-03-18 13:52:35.717 [info] schema change detected vscode://schemas/settings/resourceLanguage
2025-03-18 13:52:35.729 [info] read schema from vscode: vscode://schemas/settings/folder
2025-03-18 13:52:35.776 [info] schema change detected vscode://schemas/settings/folder
2025-03-18 13:52:35.792 [info] read schema from vscode: vscode://schemas/settings/resourceLanguage
2025-03-18 13:52:35.882 [info] cancelled
2025-03-18 13:52:35.883 [info] read schema from vscode: vscode://schemas/settings/folder
2025-03-18 13:52:35.963 [info] schema change detected vscode://schemas/settings/folder
2025-03-18 13:52:35.985 [info] read schema from vscode: vscode://schemas/settings/folder
2025-03-18 13:52:38.991 [info] schema change detected vscode://schemas/launch
2025-03-18 13:52:38.992 [info] read schema from vscode: vscode://schemas/settings/folder
2025-03-18 13:52:39.089 [info] read schema from vscode: vscode://schemas/launch
