2025-03-18 13:52:34.016 [info] [main] Log level: Info
2025-03-18 13:52:34.016 [info] [main] Validating found git in: "git"
2025-03-18 13:52:34.016 [info] [main] Using git "2.43.0" from "git"
2025-03-18 13:52:34.016 [info] [Model][doInitialScan] Initial repository scan started
2025-03-18 13:52:34.016 [info] > git rev-parse --show-toplevel [15ms]
2025-03-18 13:52:34.016 [info] > git rev-parse --git-dir --git-common-dir [57ms]
2025-03-18 13:52:34.016 [info] [Model][openRepository] Opened repository: /home/dewain/Ansible-Playbooks
2025-03-18 13:52:34.016 [info] > git rev-parse --show-toplevel [36ms]
2025-03-18 13:52:34.016 [info] > git config --get commit.template [38ms]
2025-03-18 13:52:34.023 [info] > git rev-parse --show-toplevel [5ms]
2025-03-18 13:52:34.024 [info] [Model][doInitialScan] Initial repository scan completed - repositories (1), closed repositories (0), parent repositories (0), unsafe repositories (0)
2025-03-18 13:52:34.026 [info] > git for-each-ref --format=%(refname)%00%(upstream:short)%00%(objectname)%00%(upstream:track)%00%(upstream:remotename)%00%(upstream:remoteref) refs/heads/Ansible-Playbook-Branch refs/remotes/Ansible-Playbook-Branch [5ms]
2025-03-18 13:52:34.029 [warning] [Git][revParse] Unable to read file: ENOENT: no such file or directory, open '/home/dewain/Ansible-Playbooks/.git/refs/remotes/origin/Ansible-Playbook-Branch'
2025-03-18 13:52:34.030 [info] > git rev-parse refs/remotes/origin/Ansible-Playbook-Branch [1ms]
2025-03-18 13:52:34.040 [info] > git status -z -uall [6ms]
2025-03-18 13:52:34.041 [info] > git for-each-ref --sort -committerdate --format %(refname) %(objectname) %(*objectname) [4ms]
2025-03-18 13:52:34.062 [info] > git for-each-ref --format=%(refname)%00%(upstream:short)%00%(objectname)%00%(upstream:track)%00%(upstream:remotename)%00%(upstream:remoteref) refs/heads/Ansible-Playbook-Branch refs/remotes/Ansible-Playbook-Branch [8ms]
2025-03-18 13:52:34.066 [info] > git config --get commit.template [6ms]
2025-03-18 13:52:34.067 [info] > git config --get --local branch.Ansible-Playbook-Branch.vscode-merge-base [2ms]
2025-03-18 13:52:34.077 [info] > git for-each-ref --format=%(refname)%00%(upstream:short)%00%(objectname)%00%(upstream:track)%00%(upstream:remotename)%00%(upstream:remoteref) refs/heads/origin/Ansible-Playbook-Branch refs/remotes/origin/Ansible-Playbook-Branch [8ms]
2025-03-18 13:52:34.081 [info] > git for-each-ref --format=%(refname)%00%(upstream:short)%00%(objectname)%00%(upstream:track)%00%(upstream:remotename)%00%(upstream:remoteref) refs/heads/Ansible-Playbook-Branch refs/remotes/Ansible-Playbook-Branch [6ms]
2025-03-18 13:52:34.083 [warning] [Git][revParse] Unable to read file: ENOENT: no such file or directory, open '/home/dewain/Ansible-Playbooks/.git/refs/remotes/origin/Ansible-Playbook-Branch'
2025-03-18 13:52:34.084 [info] > git merge-base refs/heads/Ansible-Playbook-Branch refs/remotes/origin/Ansible-Playbook-Branch [4ms]
2025-03-18 13:52:34.133 [info] > git rev-parse refs/remotes/origin/Ansible-Playbook-Branch [50ms]
2025-03-18 13:52:34.148 [info] > git status -z -uall [12ms]
2025-03-18 13:52:34.148 [info] > git diff --name-status -z --diff-filter=ADMR 1e113ae05fecfa49055a329671ab053d80bd2f38...refs/remotes/origin/Ansible-Playbook-Branch [62ms]
2025-03-18 13:52:34.149 [info] > git for-each-ref --sort -committerdate --format %(refname) %(objectname) %(*objectname) [11ms]
2025-03-18 13:52:34.501 [info] > git check-ignore -v -z --stdin [1ms]
